{
  "0 debug pnpm:scope": {
    "selected": 1
  },
  "1 error pnpm": {
    "errno": 1,
    "code": "ELIFECYCLE",
    "pkgid": "@vuwi/plugin@0.0.0",
    "stage": "build:local",
    "script": "rm -f vuwi-plugin-$npm_package_version.tgz && pnpm build && npm pack && mkdir -p ~/local_modules && rm -rf ~/local_modules/vuwi-plugin-$npm_package_version.tgz && cp vuwi-plugin-$npm_package_version.tgz ~/local_modules/vuwi-plugin.tgz",
    "pkgname": "@vuwi/plugin",
    "err": {
      "name": "pnpm",
      "message": "@vuwi/plugin@0.0.0 build:local: `rm -f vuwi-plugin-$npm_package_version.tgz && pnpm build && npm pack && mkdir -p ~/local_modules && rm -rf ~/local_modules/vuwi-plugin-$npm_package_version.tgz && cp vuwi-plugin-$npm_package_version.tgz ~/local_modules/vuwi-plugin.tgz`\nExit status 1",
      "code": "ELIFECYCLE",
      "stack": "pnpm: @vuwi/plugin@0.0.0 build:local: `rm -f vuwi-plugin-$npm_package_version.tgz && pnpm build && npm pack && mkdir -p ~/local_modules && rm -rf ~/local_modules/vuwi-plugin-$npm_package_version.tgz && cp vuwi-plugin-$npm_package_version.tgz ~/local_modules/vuwi-plugin.tgz`\nExit status 1\n    at EventEmitter.<anonymous> (/Users/rob/.nvm/versions/node/v14.17.6/pnpm-global/5/node_modules/.pnpm/pnpm@6.23.6/node_modules/pnpm/dist/pnpm.cjs:103540:20)\n    at EventEmitter.emit (events.js:400:28)\n    at ChildProcess.<anonymous> (/Users/rob/.nvm/versions/node/v14.17.6/pnpm-global/5/node_modules/.pnpm/pnpm@6.23.6/node_modules/pnpm/dist/pnpm.cjs:91469:18)\n    at ChildProcess.emit (events.js:400:28)\n    at maybeClose (internal/child_process.js:1055:16)\n    at Process.ChildProcess._handle.onexit (internal/child_process.js:288:5)"
    }
  },
  "2 warn pnpm:global": " Local package.json exists, but node_modules missing, did you mean to install?"
}